[2025-03-22T23:04:01.616+0000] {local_task_job_runner.py:123} INFO - ::group::Pre task execution logs
[2025-03-22T23:04:01.654+0000] {taskinstance.py:2614} INFO - Dependencies all met for dep_context=non-requeueable deps ti=<TaskInstance: trip_metrics_pipeline.fetch_trip_metrics scheduled__2025-03-22T22:55:00+00:00 [queued]>
[2025-03-22T23:04:01.678+0000] {taskinstance.py:2614} INFO - Dependencies all met for dep_context=requeueable deps ti=<TaskInstance: trip_metrics_pipeline.fetch_trip_metrics scheduled__2025-03-22T22:55:00+00:00 [queued]>
[2025-03-22T23:04:01.681+0000] {taskinstance.py:2867} INFO - Starting attempt 2 of 1
[2025-03-22T23:04:01.743+0000] {taskinstance.py:2890} INFO - Executing <Task(PythonOperator): fetch_trip_metrics> on 2025-03-22 22:55:00+00:00
[2025-03-22T23:04:01.751+0000] {standard_task_runner.py:104} INFO - Running: ['airflow', 'tasks', 'run', 'trip_metrics_pipeline', 'fetch_trip_metrics', 'scheduled__2025-03-22T22:55:00+00:00', '--job-id', '54', '--raw', '--subdir', 'DAGS_FOLDER/trip_metrics_dag.py', '--cfg-path', '/tmp/tmp01t_pvrd']
[2025-03-22T23:04:01.753+0000] {standard_task_runner.py:105} INFO - Job 54: Subtask fetch_trip_metrics
[2025-03-22T23:04:01.757+0000] {logging_mixin.py:190} WARNING - /home/airflow/.local/lib/python3.12/site-packages/airflow/task/task_runner/standard_task_runner.py:70 DeprecationWarning: This process (pid=71) is multi-threaded, use of fork() may lead to deadlocks in the child.
[2025-03-22T23:04:01.758+0000] {standard_task_runner.py:72} INFO - Started process 97 to run task
[2025-03-22T23:04:01.930+0000] {task_command.py:467} INFO - Running <TaskInstance: trip_metrics_pipeline.fetch_trip_metrics scheduled__2025-03-22T22:55:00+00:00 [running]> on host 5054ce0e90b1
[2025-03-22T23:04:02.145+0000] {taskinstance.py:3134} INFO - Exporting env vars: AIRFLOW_CTX_DAG_OWNER='airflow' AIRFLOW_CTX_DAG_ID='trip_metrics_pipeline' AIRFLOW_CTX_TASK_ID='fetch_trip_metrics' AIRFLOW_CTX_EXECUTION_DATE='2025-03-22T22:55:00+00:00' AIRFLOW_CTX_TRY_NUMBER='2' AIRFLOW_CTX_DAG_RUN_ID='scheduled__2025-03-22T22:55:00+00:00'
[2025-03-22T23:04:02.147+0000] {taskinstance.py:732} INFO - ::endgroup::
[2025-03-22T23:04:02.209+0000] {base.py:84} INFO - Retrieving connection 'clickhouse_default'
[2025-03-22T23:04:04.917+0000] {logging_mixin.py:190} INFO - Data successfully fetched and pushed to XCom.
[2025-03-22T23:04:04.918+0000] {python.py:240} INFO - Done. Returned value was: None
[2025-03-22T23:04:04.943+0000] {taskinstance.py:341} INFO - ::group::Post task execution logs
[2025-03-22T23:04:04.945+0000] {taskinstance.py:353} INFO - Marking task as SUCCESS. dag_id=trip_metrics_pipeline, task_id=fetch_trip_metrics, run_id=scheduled__2025-03-22T22:55:00+00:00, execution_date=20250322T225500, start_date=20250322T230401, end_date=20250322T230404
[2025-03-22T23:04:05.125+0000] {local_task_job_runner.py:266} INFO - Task exited with return code 0
[2025-03-22T23:04:05.196+0000] {taskinstance.py:3901} INFO - 1 downstream tasks scheduled from follow-on schedule check
[2025-03-22T23:04:05.217+0000] {local_task_job_runner.py:245} INFO - ::endgroup::
