[2025-03-22T23:05:06.043+0000] {local_task_job_runner.py:123} INFO - ::group::Pre task execution logs
[2025-03-22T23:05:06.076+0000] {taskinstance.py:2614} INFO - Dependencies all met for dep_context=non-requeueable deps ti=<TaskInstance: trip_metrics_pipeline.fetch_trip_metrics scheduled__2025-03-22T23:00:00+00:00 [queued]>
[2025-03-22T23:05:06.103+0000] {taskinstance.py:2614} INFO - Dependencies all met for dep_context=requeueable deps ti=<TaskInstance: trip_metrics_pipeline.fetch_trip_metrics scheduled__2025-03-22T23:00:00+00:00 [queued]>
[2025-03-22T23:05:06.107+0000] {taskinstance.py:2867} INFO - Starting attempt 1 of 1
[2025-03-22T23:05:06.175+0000] {taskinstance.py:2890} INFO - Executing <Task(PythonOperator): fetch_trip_metrics> on 2025-03-22 23:00:00+00:00
[2025-03-22T23:05:06.188+0000] {standard_task_runner.py:104} INFO - Running: ['airflow', 'tasks', 'run', 'trip_metrics_pipeline', 'fetch_trip_metrics', 'scheduled__2025-03-22T23:00:00+00:00', '--job-id', '56', '--raw', '--subdir', 'DAGS_FOLDER/trip_metrics_dag.py', '--cfg-path', '/tmp/tmpsbhlkl2e']
[2025-03-22T23:05:06.191+0000] {standard_task_runner.py:105} INFO - Job 56: Subtask fetch_trip_metrics
[2025-03-22T23:05:06.193+0000] {logging_mixin.py:190} WARNING - /home/airflow/.local/lib/python3.12/site-packages/airflow/task/task_runner/standard_task_runner.py:70 DeprecationWarning: This process (pid=119) is multi-threaded, use of fork() may lead to deadlocks in the child.
[2025-03-22T23:05:06.194+0000] {standard_task_runner.py:72} INFO - Started process 133 to run task
[2025-03-22T23:05:06.325+0000] {task_command.py:467} INFO - Running <TaskInstance: trip_metrics_pipeline.fetch_trip_metrics scheduled__2025-03-22T23:00:00+00:00 [running]> on host 5054ce0e90b1
[2025-03-22T23:05:06.580+0000] {taskinstance.py:3134} INFO - Exporting env vars: AIRFLOW_CTX_DAG_OWNER='airflow' AIRFLOW_CTX_DAG_ID='trip_metrics_pipeline' AIRFLOW_CTX_TASK_ID='fetch_trip_metrics' AIRFLOW_CTX_EXECUTION_DATE='2025-03-22T23:00:00+00:00' AIRFLOW_CTX_TRY_NUMBER='1' AIRFLOW_CTX_DAG_RUN_ID='scheduled__2025-03-22T23:00:00+00:00'
[2025-03-22T23:05:06.582+0000] {taskinstance.py:732} INFO - ::endgroup::
[2025-03-22T23:05:06.630+0000] {base.py:84} INFO - Retrieving connection 'clickhouse_default'
[2025-03-22T23:05:09.228+0000] {logging_mixin.py:190} INFO - Data successfully fetched and pushed to XCom.
[2025-03-22T23:05:09.229+0000] {python.py:240} INFO - Done. Returned value was: None
[2025-03-22T23:05:09.248+0000] {taskinstance.py:341} INFO - ::group::Post task execution logs
[2025-03-22T23:05:09.249+0000] {taskinstance.py:353} INFO - Marking task as SUCCESS. dag_id=trip_metrics_pipeline, task_id=fetch_trip_metrics, run_id=scheduled__2025-03-22T23:00:00+00:00, execution_date=20250322T230000, start_date=20250322T230506, end_date=20250322T230509
[2025-03-22T23:05:09.436+0000] {local_task_job_runner.py:266} INFO - Task exited with return code 0
[2025-03-22T23:05:09.532+0000] {taskinstance.py:3901} INFO - 1 downstream tasks scheduled from follow-on schedule check
[2025-03-22T23:05:09.559+0000] {local_task_job_runner.py:245} INFO - ::endgroup::
