[2025-03-23T09:32:27.032+0000] {local_task_job_runner.py:123} INFO - ::group::Pre task execution logs
[2025-03-23T09:32:27.076+0000] {taskinstance.py:2614} INFO - Dependencies all met for dep_context=non-requeueable deps ti=<TaskInstance: trip_metrics_pipeline.fetch_trip_metrics manual__2025-03-23T09:32:19.971157+00:00 [queued]>
[2025-03-23T09:32:27.104+0000] {taskinstance.py:2614} INFO - Dependencies all met for dep_context=requeueable deps ti=<TaskInstance: trip_metrics_pipeline.fetch_trip_metrics manual__2025-03-23T09:32:19.971157+00:00 [queued]>
[2025-03-23T09:32:27.127+0000] {taskinstance.py:2867} INFO - Starting attempt 1 of 1
[2025-03-23T09:32:27.225+0000] {taskinstance.py:2890} INFO - Executing <Task(PythonOperator): fetch_trip_metrics> on 2025-03-23 09:32:19.971157+00:00
[2025-03-23T09:32:27.235+0000] {standard_task_runner.py:104} INFO - Running: ['airflow', 'tasks', 'run', 'trip_metrics_pipeline', 'fetch_trip_metrics', 'manual__2025-03-23T09:32:19.971157+00:00', '--job-id', '101', '--raw', '--subdir', 'DAGS_FOLDER/trip_metrics_dag.py', '--cfg-path', '/tmp/tmp0a698lyq']
[2025-03-23T09:32:27.238+0000] {standard_task_runner.py:105} INFO - Job 101: Subtask fetch_trip_metrics
[2025-03-23T09:32:27.241+0000] {logging_mixin.py:190} WARNING - /home/airflow/.local/lib/python3.12/site-packages/airflow/task/task_runner/standard_task_runner.py:70 DeprecationWarning: This process (pid=384) is multi-threaded, use of fork() may lead to deadlocks in the child.
[2025-03-23T09:32:27.242+0000] {standard_task_runner.py:72} INFO - Started process 398 to run task
[2025-03-23T09:32:27.444+0000] {task_command.py:467} INFO - Running <TaskInstance: trip_metrics_pipeline.fetch_trip_metrics manual__2025-03-23T09:32:19.971157+00:00 [running]> on host a9000d103b4d
[2025-03-23T09:32:27.752+0000] {taskinstance.py:3134} INFO - Exporting env vars: AIRFLOW_CTX_DAG_OWNER='airflow' AIRFLOW_CTX_DAG_ID='trip_metrics_pipeline' AIRFLOW_CTX_TASK_ID='fetch_trip_metrics' AIRFLOW_CTX_EXECUTION_DATE='2025-03-23T09:32:19.971157+00:00' AIRFLOW_CTX_TRY_NUMBER='1' AIRFLOW_CTX_DAG_RUN_ID='manual__2025-03-23T09:32:19.971157+00:00'
[2025-03-23T09:32:27.755+0000] {taskinstance.py:732} INFO - ::endgroup::
[2025-03-23T09:32:27.806+0000] {base.py:84} INFO - Retrieving connection 'clickhouse_default'
[2025-03-23T09:32:30.275+0000] {logging_mixin.py:190} INFO - Data successfully fetched and pushed to XCom.
[2025-03-23T09:32:30.278+0000] {python.py:240} INFO - Done. Returned value was: None
[2025-03-23T09:32:30.312+0000] {taskinstance.py:341} INFO - ::group::Post task execution logs
[2025-03-23T09:32:30.313+0000] {taskinstance.py:353} INFO - Marking task as SUCCESS. dag_id=trip_metrics_pipeline, task_id=fetch_trip_metrics, run_id=manual__2025-03-23T09:32:19.971157+00:00, execution_date=20250323T093219, start_date=20250323T093227, end_date=20250323T093230
[2025-03-23T09:32:30.531+0000] {local_task_job_runner.py:266} INFO - Task exited with return code 0
[2025-03-23T09:32:30.627+0000] {taskinstance.py:3901} INFO - 1 downstream tasks scheduled from follow-on schedule check
[2025-03-23T09:32:30.685+0000] {local_task_job_runner.py:245} INFO - ::endgroup::
