[2025-03-23T08:41:28.700+0000] {local_task_job_runner.py:123} INFO - ::group::Pre task execution logs
[2025-03-23T08:41:28.744+0000] {taskinstance.py:2614} INFO - Dependencies all met for dep_context=non-requeueable deps ti=<TaskInstance: trip_metrics_pipeline.fetch_trip_metrics manual__2025-03-23T08:41:13.437606+00:00 [queued]>
[2025-03-23T08:41:28.780+0000] {taskinstance.py:2614} INFO - Dependencies all met for dep_context=requeueable deps ti=<TaskInstance: trip_metrics_pipeline.fetch_trip_metrics manual__2025-03-23T08:41:13.437606+00:00 [queued]>
[2025-03-23T08:41:28.802+0000] {taskinstance.py:2867} INFO - Starting attempt 1 of 1
[2025-03-23T08:41:28.879+0000] {taskinstance.py:2890} INFO - Executing <Task(PythonOperator): fetch_trip_metrics> on 2025-03-23 08:41:13.437606+00:00
[2025-03-23T08:41:28.887+0000] {standard_task_runner.py:104} INFO - Running: ['airflow', 'tasks', 'run', 'trip_metrics_pipeline', 'fetch_trip_metrics', 'manual__2025-03-23T08:41:13.437606+00:00', '--job-id', '78', '--raw', '--subdir', 'DAGS_FOLDER/trip_metrics_dag.py', '--cfg-path', '/tmp/tmpu7ld2od3']
[2025-03-23T08:41:28.890+0000] {standard_task_runner.py:105} INFO - Job 78: Subtask fetch_trip_metrics
[2025-03-23T08:41:28.894+0000] {logging_mixin.py:190} WARNING - /home/airflow/.local/lib/python3.12/site-packages/airflow/task/task_runner/standard_task_runner.py:70 DeprecationWarning: This process (pid=207) is multi-threaded, use of fork() may lead to deadlocks in the child.
[2025-03-23T08:41:28.895+0000] {standard_task_runner.py:72} INFO - Started process 221 to run task
[2025-03-23T08:41:29.048+0000] {task_command.py:467} INFO - Running <TaskInstance: trip_metrics_pipeline.fetch_trip_metrics manual__2025-03-23T08:41:13.437606+00:00 [running]> on host 851a01907417
[2025-03-23T08:41:29.279+0000] {taskinstance.py:3134} INFO - Exporting env vars: AIRFLOW_CTX_DAG_OWNER='airflow' AIRFLOW_CTX_DAG_ID='trip_metrics_pipeline' AIRFLOW_CTX_TASK_ID='fetch_trip_metrics' AIRFLOW_CTX_EXECUTION_DATE='2025-03-23T08:41:13.437606+00:00' AIRFLOW_CTX_TRY_NUMBER='1' AIRFLOW_CTX_DAG_RUN_ID='manual__2025-03-23T08:41:13.437606+00:00'
[2025-03-23T08:41:29.281+0000] {taskinstance.py:732} INFO - ::endgroup::
[2025-03-23T08:41:29.319+0000] {base.py:84} INFO - Retrieving connection 'clickhouse_default'
[2025-03-23T08:41:32.902+0000] {logging_mixin.py:190} INFO - Data successfully fetched and pushed to XCom.
[2025-03-23T08:41:32.906+0000] {python.py:240} INFO - Done. Returned value was: None
[2025-03-23T08:41:32.939+0000] {taskinstance.py:341} INFO - ::group::Post task execution logs
[2025-03-23T08:41:32.940+0000] {taskinstance.py:353} INFO - Marking task as SUCCESS. dag_id=trip_metrics_pipeline, task_id=fetch_trip_metrics, run_id=manual__2025-03-23T08:41:13.437606+00:00, execution_date=20250323T084113, start_date=20250323T084128, end_date=20250323T084132
[2025-03-23T08:41:33.144+0000] {local_task_job_runner.py:266} INFO - Task exited with return code 0
[2025-03-23T08:41:33.272+0000] {taskinstance.py:3901} INFO - 1 downstream tasks scheduled from follow-on schedule check
[2025-03-23T08:41:33.299+0000] {local_task_job_runner.py:245} INFO - ::endgroup::
